
  .   ____          _            __ _ _
 /\\ / ___'_ __ _ _(_)_ __  __ _ \ \ \ \
( ( )\___ | '_ | '_| | '_ \/ _` | \ \ \ \
 \\/  ___)| |_)| | | | | || (_| |  ) ) ) )
  '  |____| .__|_| |_|_| |_\__, | / / / /
 =========|_|==============|___/=/_/_/_/
 :: Spring Boot ::                (v3.2.5)

2026-06-22T17:02:06.281+01:00  INFO 11772 --- [           main] com.samsara.SamsaraApplication           : Starting SamsaraApplication v0.0.1-SNAPSHOT using Java 21.0.1 with PID 11772 (C:\Users\LENOVO\Desktop\Samsara\backend\target\backend-0.0.1-SNAPSHOT.jar started by LENOVO in C:\Users\LENOVO\Desktop\Samsara\backend)
2026-06-22T17:02:06.286+01:00  INFO 11772 --- [           main] com.samsara.SamsaraApplication           : No active profile set, falling back to 1 default profile: "default"
2026-06-22T17:02:07.217+01:00  INFO 11772 --- [           main] .s.d.r.c.RepositoryConfigurationDelegate : Bootstrapping Spring Data JPA repositories in DEFAULT mode.
2026-06-22T17:02:07.300+01:00  INFO 11772 --- [           main] .s.d.r.c.RepositoryConfigurationDelegate : Finished Spring Data repository scanning in 65 ms. Found 8 JPA repository interfaces.
2026-06-22T17:02:08.095+01:00  INFO 11772 --- [           main] o.s.b.w.embedded.tomcat.TomcatWebServer  : Tomcat initialized with port 3001 (http)
2026-06-22T17:02:08.123+01:00  INFO 11772 --- [           main] o.apache.catalina.core.StandardService   : Starting service [Tomcat]
2026-06-22T17:02:08.124+01:00  INFO 11772 --- [           main] o.apache.catalina.core.StandardEngine    : Starting Servlet engine: [Apache Tomcat/10.1.20]
2026-06-22T17:02:08.183+01:00  INFO 11772 --- [           main] o.a.c.c.C.[Tomcat].[localhost].[/api]    : Initializing Spring embedded WebApplicationContext
2026-06-22T17:02:08.186+01:00  INFO 11772 --- [           main] w.s.c.ServletWebServerApplicationContext : Root WebApplicationContext: initialization completed in 1811 ms
2026-06-22T17:02:09.056+01:00  INFO 11772 --- [           main] o.hibernate.jpa.internal.util.LogHelper  : HHH000204: Processing PersistenceUnitInfo [name: default]
2026-06-22T17:02:09.326+01:00  INFO 11772 --- [           main] org.hibernate.Version                    : HHH000412: Hibernate ORM core version 6.4.4.Final
2026-06-22T17:02:09.450+01:00  INFO 11772 --- [           main] o.h.c.internal.RegionFactoryInitiator    : HHH000026: Second-level cache disabled
2026-06-22T17:02:10.410+01:00  INFO 11772 --- [           main] o.s.o.j.p.SpringPersistenceUnitInfo      : No LoadTimeWeaver setup: ignoring JPA class transformer
2026-06-22T17:02:10.553+01:00  INFO 11772 --- [           main] com.zaxxer.hikari.HikariDataSource       : HikariPool-1 - Starting...
2026-06-22T17:02:11.356+01:00  INFO 11772 --- [           main] com.zaxxer.hikari.pool.HikariPool        : HikariPool-1 - Added connection org.postgresql.jdbc.PgConnection@e795a1d
2026-06-22T17:02:11.363+01:00  INFO 11772 --- [           main] com.zaxxer.hikari.HikariDataSource       : HikariPool-1 - Start completed.
2026-06-22T17:02:11.497+01:00  WARN 11772 --- [           main] org.hibernate.orm.deprecation            : HHH90000025: PostgreSQLDialect does not need to be specified explicitly using 'hibernate.dialect' (remove the property setting and it will be selected by default)
2026-06-22T17:02:15.780+01:00  INFO 11772 --- [           main] o.h.e.t.j.p.i.JtaPlatformInitiator       : HHH000489: No JTA platform available (set 'hibernate.transaction.jta.platform' to enable JTA platform integration)
2026-06-22T17:02:16.219+01:00  INFO 11772 --- [           main] j.LocalContainerEntityManagerFactoryBean : Initialized JPA EntityManagerFactory for persistence unit 'default'
2026-06-22T17:02:18.362+01:00  INFO 11772 --- [           main] o.s.d.j.r.query.QueryEnhancerFactory     : Hibernate is in classpath; If applicable, HQL parser will be used.
2026-06-22T17:02:21.094+01:00  WARN 11772 --- [           main] .s.s.UserDetailsServiceAutoConfiguration : 

Using generated security password: fd32e014-ad42-4502-8c27-be37d6b9b917

This generated password is for development use only. Your security configuration must be updated before running your application in production.

2026-06-22T17:02:22.491+01:00  INFO 11772 --- [           main] o.s.s.web.DefaultSecurityFilterChain     : Will secure any request with [org.springframework.security.web.session.DisableEncodeUrlFilter@2de22e7, org.springframework.security.web.context.request.async.WebAsyncManagerIntegrationFilter@2c51ff83, org.springframework.security.web.context.SecurityContextHolderFilter@5ae06c93, org.springframework.security.web.header.HeaderWriterFilter@3eff5c32, org.springframework.web.filter.CorsFilter@66223d94, org.springframework.security.web.authentication.logout.LogoutFilter@25dc8147, com.samsara.config.JwtAuthFilter@3850e90c, org.springframework.security.web.savedrequest.RequestCacheAwareFilter@3ddec942, org.springframework.security.web.servletapi.SecurityContextHolderAwareRequestFilter@495c3d15, org.springframework.security.web.authentication.AnonymousAuthenticationFilter@196519dd, org.springframework.security.web.session.SessionManagementFilter@4eb5cdae, org.springframework.security.web.access.ExceptionTranslationFilter@15cba6dc, org.springframework.security.web.access.intercept.AuthorizationFilter@158774d3]
2026-06-22T17:02:23.741+01:00  INFO 11772 --- [           main] o.s.b.w.embedded.tomcat.TomcatWebServer  : Tomcat started on port 3001 (http) with context path '/api'
2026-06-22T17:02:23.783+01:00  INFO 11772 --- [           main] com.samsara.SamsaraApplication           : Started SamsaraApplication in 17.921 seconds (process running for 18.434)
